22:24:57.637 skipping bootstrap configuration: could not find or read file: classpath:karate-config.js
22:24:58.289 request:
1 > GET https://restful-booker.herokuapp.com/booking
1 > Accept: application/json
1 > Accept-Encoding: gzip,deflate
1 > Connection: Keep-Alive
1 > Host: restful-booker.herokuapp.com
1 > User-Agent: Apache-HttpClient/4.5.11 (Java/1.8.0_333)

22:24:59.909 response time in milliseconds: 1606.63
1 < 200
1 < Connection: keep-alive
1 < Content-Length: 20476
1 < Content-Type: application/json; charset=utf-8
1 < Date: Tue, 20 Jun 2023 16:54:59 GMT
1 < Etag: W/"4ffc-viCXTSiRO3w8U22T1K7nd1OJBVQ"
1 < Server: Cowboy
1 < Via: 1.1 vegur
1 < X-Powered-By: Express
[{"bookingid":365},{"bookingid":1490},{"bookingid":1427},{"bookingid":126},{"bookingid":1400},{"bookingid":1053},{"bookingid":1356},{"bookingid":344},{"bookingid":1601},{"bookingid":584},{"bookingid":100},{"bookingid":307},{"bookingid":1286},{"bookingid":1376},{"bookingid":546},{"bookingid":1543},{"bookingid":1142},{"bookingid":1397},{"bookingid":35},{"bookingid":457},{"bookingid":1592},{"bookingid":706},{"bookingid":970},{"bookingid":135},{"bookingid":1365},{"bookingid":5},{"bookingid":1503},{"bookingid":208},{"bookingid":1535},{"bookingid":220},{"bookingid":175},{"bookingid":1482},{"bookingid":1304},{"bookingid":186},{"bookingid":1232},{"bookingid":1176},{"bookingid":1478},{"bookingid":569},{"bookingid":1597},{"bookingid":332},{"bookingid":151},{"bookingid":775},{"bookingid":119},{"bookingid":330},{"bookingid":47},{"bookingid":889},{"bookingid":1379},{"bookingid":1594},{"bookingid":170},{"bookingid":693},{"bookingid":912},{"bookingid":667},{"bookingid":656},{"bookingid":444},{"bookingid":1168},{"bookingid":964},{"bookingid":961},{"bookingid":1021},{"bookingid":1377},{"bookingid":88},{"bookingid":392},{"bookingid":1080},{"bookingid":226},{"bookingid":31},{"bookingid":1199},{"bookingid":1544},{"bookingid":167},{"bookingid":439},{"bookingid":58},{"bookingid":38},{"bookingid":195},{"bookingid":880},{"bookingid":1350},{"bookingid":464},{"bookingid":346},{"bookingid":714},{"bookingid":138},{"bookingid":752},{"bookingid":387},{"bookingid":254},{"bookingid":1005},{"bookingid":29},{"bookingid":221},{"bookingid":240},{"bookingid":59},{"bookingid":441},{"bookingid":589},{"bookingid":11},{"bookingid":593},{"bookingid":1266},{"bookingid":3},{"bookingid":277},{"bookingid":891},{"bookingid":815},{"bookingid":61},{"bookingid":1481},{"bookingid":606},{"bookingid":1522},{"bookingid":613},{"bookingid":148},{"bookingid":200},{"bookingid":1123},{"bookingid":280},{"bookingid":456},{"bookingid":1452},{"bookingid":326},{"bookingid":487},{"bookingid":1421},{"bookingid":1468},{"bookingid":1587},{"bookingid":785},{"bookingid":588},{"bookingid":37},{"bookingid":559},{"bookingid":293},{"bookingid":1224},{"bookingid":1462},{"bookingid":1566},{"bookingid":1410},{"bookingid":1096},{"bookingid":322},{"bookingid":1275},{"bookingid":756},{"bookingid":842},{"bookingid":1567},{"bookingid":1235},{"bookingid":149},{"bookingid":616},{"bookingid":56},{"bookingid":1305},{"bookingid":946},{"bookingid":237},{"bookingid":1207},{"bookingid":933},{"bookingid":133},{"bookingid":1343},{"bookingid":980},{"bookingid":1162},{"bookingid":737},{"bookingid":953},{"bookingid":655},{"bookingid":993},{"bookingid":890},{"bookingid":1334},{"bookingid":137},{"bookingid":929},{"bookingid":963},{"bookingid":247},{"bookingid":688},{"bookingid":1368},{"bookingid":587},{"bookingid":1402},{"bookingid":1466},{"bookingid":1246},{"bookingid":358},{"bookingid":1600},{"bookingid":548},{"bookingid":433},{"bookingid":64},{"bookingid":866},{"bookingid":248},{"bookingid":1252},{"bookingid":122},{"bookingid":807},{"bookingid":289},{"bookingid":888},{"bookingid":183},{"bookingid":672},{"bookingid":1137},{"bookingid":1475},{"bookingid":228},{"bookingid":1548},{"bookingid":1048},{"bookingid":407},{"bookingid":486},{"bookingid":1036},{"bookingid":1413},{"bookingid":793},{"bookingid":1132},{"bookingid":1498},{"bookingid":840},{"bookingid":223},{"bookingid":526},{"bookingid":772},{"bookingid":30},{"bookingid":979},{"bookingid":918},{"bookingid":120},{"bookingid":649},{"bookingid":652},{"bookingid":1158},{"bookingid":1276},{"bookingid":1150},{"bookingid":1234},{"bookingid":984},{"bookingid":927},{"bookingid":1121},{"bookingid":713},{"bookingid":400},{"bookingid":1101},{"bookingid":1442},{"bookingid":345},{"bookingid":18},{"bookingid":1542},{"bookingid":679},{"bookingid":1445},{"bookingid":582},{"bookingid":1586},{"bookingid":539},{"bookingid":518},{"bookingid":440},{"bookingid":272},{"bookingid":1099},{"bookingid":245},{"bookingid":46},{"bookingid":1268},{"bookingid":1401},{"bookingid":1209},{"bookingid":1086},{"bookingid":1585},{"bookingid":125},{"bookingid":233},{"bookingid":1458},{"bookingid":1488},{"bookingid":1291},{"bookingid":643},{"bookingid":729},{"bookingid":262},{"bookingid":354},{"bookingid":318},{"bookingid":1151},{"bookingid":1043},{"bookingid":1353},{"bookingid":20},{"bookingid":647},{"bookingid":711},{"bookingid":788},{"bookingid":251},{"bookingid":755},{"bookingid":1173},{"bookingid":1293},{"bookingid":431},{"bookingid":1465},{"bookingid":886},{"bookingid":661},{"bookingid":1196},{"bookingid":295},{"bookingid":504},{"bookingid":1285},{"bookingid":49},{"bookingid":210},{"bookingid":414},{"bookingid":1146},{"bookingid":782},{"bookingid":1571},{"bookingid":60},{"bookingid":625},{"bookingid":1359},{"bookingid":232},{"bookingid":1508},{"bookingid":598},{"bookingid":294},{"bookingid":1083},{"bookingid":236},{"bookingid":1457},{"bookingid":976},{"bookingid":50},{"bookingid":603},{"bookingid":624},{"bookingid":1064},{"bookingid":154},{"bookingid":1078},{"bookingid":1497},{"bookingid":858},{"bookingid":471},{"bookingid":662},{"bookingid":14},{"bookingid":873},{"bookingid":1563},{"bookingid":442},{"bookingid":1361},{"bookingid":211},{"bookingid":301},{"bookingid":897},{"bookingid":113},{"bookingid":846},{"bookingid":637},{"bookingid":269},{"bookingid":1299},{"bookingid":1438},{"bookingid":196},{"bookingid":1077},{"bookingid":697},{"bookingid":1223},{"bookingid":1029},{"bookingid":510},{"bookingid":827},{"bookingid":1127},{"bookingid":1114},{"bookingid":1191},{"bookingid":648},{"bookingid":1225},{"bookingid":132},{"bookingid":935},{"bookingid":1042},{"bookingid":565},{"bookingid":901},{"bookingid":899},{"bookingid":1008},{"bookingid":986},{"bookingid":621},{"bookingid":9},{"bookingid":197},{"bookingid":653},{"bookingid":1239},{"bookingid":978},{"bookingid":405},{"bookingid":1570},{"bookingid":1052},{"bookingid":921},{"bookingid":1255},{"bookingid":495},{"bookingid":22},{"bookingid":852},{"bookingid":389},{"bookingid":1441},{"bookingid":411},{"bookingid":607},{"bookingid":412},{"bookingid":1298},{"bookingid":104},{"bookingid":1060},{"bookingid":627},{"bookingid":1325},{"bookingid":659},{"bookingid":1003},{"bookingid":1533},{"bookingid":1386},{"bookingid":1184},{"bookingid":1120},{"bookingid":632},{"bookingid":98},{"bookingid":1598},{"bookingid":313},{"bookingid":458},{"bookingid":784},{"bookingid":1194},{"bookingid":574},{"bookingid":1591},{"bookingid":1453},{"bookingid":868},{"bookingid":376},{"bookingid":806},{"bookingid":716},{"bookingid":1102},{"bookingid":6},{"bookingid":1432},{"bookingid":989},{"bookingid":57},{"bookingid":1302},{"bookingid":316},{"bookingid":511},{"bookingid":304},{"bookingid":753},{"bookingid":1346},{"bookingid":992},{"bookingid":286},{"bookingid":503},{"bookingid":1507},{"bookingid":146},{"bookingid":162},{"bookingid":530},{"bookingid":1555},{"bookingid":1514},{"bookingid":1431},{"bookingid":573},{"bookingid":743},{"bookingid":1485},{"bookingid":677},{"bookingid":919},{"bookingid":105},{"bookingid":610},{"bookingid":1039},{"bookingid":1362},{"bookingid":512},{"bookingid":366},{"bookingid":867},{"bookingid":822},{"bookingid":1515},{"bookingid":497},{"bookingid":478},{"bookingid":537},{"bookingid":75},{"bookingid":617},{"bookingid":553},{"bookingid":1454},{"bookingid":1050},{"bookingid":763},{"bookingid":622},{"bookingid":730},{"bookingid":1203},{"bookingid":818},{"bookingid":48},{"bookingid":670},{"bookingid":216},{"bookingid":552},{"bookingid":265},{"bookingid":66},{"bookingid":86},{"bookingid":1278},{"bookingid":1499},{"bookingid":62},{"bookingid":577},{"bookingid":27},{"bookingid":1500},{"bookingid":766},{"bookingid":310},{"bookingid":1558},{"bookingid":812},{"bookingid":102},{"bookingid":1112},{"bookingid":1473},{"bookingid":1265},{"bookingid":561},{"bookingid":628},{"bookingid":941},{"bookingid":1195},{"bookingid":399},{"bookingid":1313},{"bookingid":878},{"bookingid":1143},{"bookingid":467},{"bookingid":797},{"bookingid":1085},{"bookingid":53},{"bookingid":570},{"bookingid":1326},{"bookingid":857},{"bookingid":1084},{"bookingid":674},{"bookingid":451},{"bookingid":99},{"bookingid":1385},{"bookingid":252},{"bookingid":699},{"bookingid":235},{"bookingid":1509},{"bookingid":529},{"bookingid":595},{"bookingid":722},{"bookingid":139},{"bookingid":576},{"bookingid":938},{"bookingid":604},{"bookingid":52},{"bookingid":501},{"bookingid":363},{"bookingid":380},{"bookingid":398},{"bookingid":1456},{"bookingid":1210},{"bookingid":333},{"bookingid":55},{"bookingid":227},{"bookingid":206},{"bookingid":213},{"bookingid":157},{"bookingid":455},{"bookingid":1552},{"bookingid":1063},{"bookingid":943},{"bookingid":742},{"bookingid":1546},{"bookingid":1336},{"bookingid":1213},{"bookingid":334},{"bookingid":1331},{"bookingid":1138},{"bookingid":185},{"bookingid":85},{"bookingid":786},{"bookingid":951},{"bookingid":966},{"bookingid":1575},{"bookingid":1409},{"bookingid":739},{"bookingid":121},{"bookingid":521},{"bookingid":1155},{"bookingid":15},{"bookingid":862},{"bookingid":1435},{"bookingid":586},{"bookingid":368},{"bookingid":445},{"bookingid":347},{"bookingid":809},{"bookingid":1244},{"bookingid":1088},{"bookingid":338},{"bookingid":1319},{"bookingid":163},{"bookingid":239},{"bookingid":452},{"bookingid":556},{"bookingid":79},{"bookingid":83},{"bookingid":110},{"bookingid":631},{"bookingid":69},{"bookingid":32},{"bookingid":180},{"bookingid":1539},{"bookingid":1354},{"bookingid":155},{"bookingid":1382},{"bookingid":1139},{"bookingid":337},{"bookingid":362},{"bookingid":845},{"bookingid":1520},{"bookingid":40},{"bookingid":199},{"bookingid":377},{"bookingid":723},{"bookingid":825},{"bookingid":1551},{"bookingid":1426},{"bookingid":1394},{"bookingid":97},{"bookingid":1371},{"bookingid":1027},{"bookingid":160},{"bookingid":1038},{"bookingid":999},{"bookingid":1157},{"bookingid":329},{"bookingid":1208},{"bookingid":1412},{"bookingid":161},{"bookingid":1072},{"bookingid":171},{"bookingid":695},{"bookingid":615},{"bookingid":117},{"bookingid":823},{"bookingid":1593},{"bookingid":290},{"bookingid":972},{"bookingid":1181},{"bookingid":1179},{"bookingid":619},{"bookingid":476},{"bookingid":543},{"bookingid":1198},{"bookingid":850},{"bookingid":816},{"bookingid":1338},{"bookingid":707},{"bookingid":112},{"bookingid":913},{"bookingid":542},{"bookingid":1144},{"bookingid":1273},{"bookingid":388},{"bookingid":1206},{"bookingid":320},{"bookingid":928},{"bookingid":599},{"bookingid":581},{"bookingid":690},{"bookingid":372},{"bookingid":1529},{"bookingid":494},{"bookingid":1247},{"bookingid":130},{"bookingid":1178},{"bookingid":1419},{"bookingid":1423},{"bookingid":1220},{"bookingid":869},{"bookingid":884},{"bookingid":738},{"bookingid":1126},{"bookingid":1254},{"bookingid":701},{"bookingid":124},{"bookingid":1117},{"bookingid":917},{"bookingid":1022},{"bookingid":1307},{"bookingid":1274},{"bookingid":560},{"bookingid":25},{"bookingid":1322},{"bookingid":413},{"bookingid":263},{"bookingid":1040},{"bookingid":1416},{"bookingid":1108},{"bookingid":1009},{"bookingid":790},{"bookingid":805},{"bookingid":165},{"bookingid":207},{"bookingid":1430},{"bookingid":42},{"bookingid":1070},{"bookingid":682},{"bookingid":111},{"bookingid":1588},{"bookingid":147},{"bookingid":1580},{"bookingid":424},{"bookingid":1309},{"bookingid":1245},{"bookingid":509},{"bookingid":319},{"bookingid":728},{"bookingid":861},{"bookingid":1420},{"bookingid":268},{"bookingid":709},{"bookingid":259},{"bookingid":1104},{"bookingid":1292},{"bookingid":72},{"bookingid":238},{"bookingid":1310},{"bookingid":608},{"bookingid":1284},{"bookingid":799},{"bookingid":1013},{"bookingid":403},{"bookingid":1067},{"bookingid":91},{"bookingid":1374},{"bookingid":39},{"bookingid":260},{"bookingid":1243},{"bookingid":1231},{"bookingid":1033},{"bookingid":328},{"bookingid":725},{"bookingid":1061},{"bookingid":96},{"bookingid":1434},{"bookingid":1455},{"bookingid":1341},{"bookingid":642},{"bookingid":1011},{"bookingid":343},{"bookingid":1519},{"bookingid":432},{"bookingid":865},{"bookingid":712},{"bookingid":747},{"bookingid":746},{"bookingid":357},{"bookingid":187},{"bookingid":983},{"bookingid":794},{"bookingid":1449},{"bookingid":463},{"bookingid":519},{"bookingid":17},{"bookingid":957},{"bookingid":217},{"bookingid":848},{"bookingid":527},{"bookingid":1439},{"bookingid":429},{"bookingid":854},{"bookingid":51},{"bookingid":770},{"bookingid":1384},{"bookingid":288},{"bookingid":1154},{"bookingid":1007},{"bookingid":1118},{"bookingid":895},{"bookingid":839},{"bookingid":636},{"bookingid":698},{"bookingid":1547},{"bookingid":386},{"bookingid":955},{"bookingid":950},{"bookingid":736},{"bookingid":1098},{"bookingid":1124},{"bookingid":203},{"bookingid":106},{"bookingid":303},{"bookingid":819},{"bookingid":1392},{"bookingid":16},{"bookingid":225},{"bookingid":751},{"bookingid":1028},{"bookingid":657},{"bookingid":665},{"bookingid":1557},{"bookingid":1160},{"bookingid":564},{"bookingid":1296},{"bookingid":1057},{"bookingid":638},{"bookingid":830},{"bookingid":78},{"bookingid":423},{"bookingid":1532},{"bookingid":1},{"bookingid":438},{"bookingid":572},{"bookingid":1031},{"bookingid":276},{"bookingid":302},{"bookingid":1001},{"bookingid":596},{"bookingid":1107},{"bookingid":142},{"bookingid":1226},{"bookingid":1090},{"bookingid":911},{"bookingid":1066},{"bookingid":1180},{"bookingid":689},{"bookingid":651},{"bookingid":1486},{"bookingid":1526},{"bookingid":1324},{"bookingid":545},{"bookingid":145},{"bookingid":1215},{"bookingid":851},{"bookingid":418},{"bookingid":910},{"bookingid":65},{"bookingid":909},{"bookingid":1393},{"bookingid":609},{"bookingid":1020},{"bookingid":540},{"bookingid":1560},{"bookingid":1202},{"bookingid":1513},{"bookingid":1069},{"bookingid":1171},{"bookingid":1260},{"bookingid":1390},{"bookingid":796},{"bookingid":1349},{"bookingid":718},{"bookingid":7},{"bookingid":920},{"bookingid":1422},{"bookingid":567},{"bookingid":1530},{"bookingid":1561},{"bookingid":383},{"bookingid":430},{"bookingid":435},{"bookingid":375},{"bookingid":1411},{"bookingid":1403},{"bookingid":426},{"bookingid":1185},{"bookingid":67},{"bookingid":1214},{"bookingid":10},{"bookingid":314},{"bookingid":626},{"bookingid":551},{"bookingid":1153},{"bookingid":949},{"bookingid":1463},{"bookingid":686},{"bookingid":1148},{"bookingid":496},{"bookingid":896},{"bookingid":82},{"bookingid":974},{"bookingid":1200},{"bookingid":450},{"bookingid":602},{"bookingid":325},{"bookingid":114},{"bookingid":297},{"bookingid":402},{"bookingid":1579},{"bookingid":922},{"bookingid":1446},{"bookingid":491},{"bookingid":1565},{"bookingid":115},{"bookingid":279},{"bookingid":391},{"bookingid":1170},{"bookingid":516},{"bookingid":968},{"bookingid":382},{"bookingid":477},{"bookingid":1290},{"bookingid":879},{"bookingid":352},{"bookingid":311},{"bookingid":1135},{"bookingid":1330},{"bookingid":70},{"bookingid":680},{"bookingid":266},{"bookingid":1534},{"bookingid":1073},{"bookingid":779},{"bookingid":348},{"bookingid":1471},{"bookingid":1058},{"bookingid":733},{"bookingid":1320},{"bookingid":1172},{"bookingid":202},{"bookingid":355},{"bookingid":168},{"bookingid":791},{"bookingid":801},{"bookingid":1559},{"bookingid":1147},{"bookingid":1047},{"bookingid":1270},{"bookingid":468},{"bookingid":282},{"bookingid":1494},{"bookingid":34},{"bookingid":1167},{"bookingid":860},{"bookingid":482},{"bookingid":1333},{"bookingid":1582},{"bookingid":675},{"bookingid":76},{"bookingid":177},{"bookingid":903},{"bookingid":803},{"bookingid":990},{"bookingid":1327},{"bookingid":520},{"bookingid":1259},{"bookingid":453},{"bookingid":1429},{"bookingid":579},{"bookingid":769},{"bookingid":378},{"bookingid":1049},{"bookingid":1258},{"bookingid":422},{"bookingid":1166},{"bookingid":671},{"bookingid":1261},{"bookingid":415},{"bookingid":107},{"bookingid":1470},{"bookingid":1396},{"bookingid":1115},{"bookingid":44},{"bookingid":1192},{"bookingid":585},{"bookingid":421},{"bookingid":173},{"bookingid":404},{"bookingid":969},{"bookingid":710},{"bookingid":544},{"bookingid":141},{"bookingid":215},{"bookingid":811},{"bookingid":1577},{"bookingid":1505},{"bookingid":939},{"bookingid":174},{"bookingid":1105},{"bookingid":1418},{"bookingid":353},{"bookingid":1389},{"bookingid":536},{"bookingid":108},{"bookingid":534},{"bookingid":339},{"bookingid":1553},{"bookingid":658},{"bookingid":505},{"bookingid":1521},{"bookingid":923},{"bookingid":902},{"bookingid":454},{"bookingid":1110},{"bookingid":401},{"bookingid":179},{"bookingid":1540},{"bookingid":267},{"bookingid":1201},{"bookingid":1253},{"bookingid":4},{"bookingid":533},{"bookingid":143},{"bookingid":1025},{"bookingid":1451},{"bookingid":1314},{"bookingid":384},{"bookingid":1528},{"bookingid":1373},{"bookingid":1511},{"bookingid":275},{"bookingid":1015},{"bookingid":1240},{"bookingid":834},{"bookingid":555},{"bookingid":1495},{"bookingid":8},{"bookingid":488},{"bookingid":905},{"bookingid":720},{"bookingid":287},{"bookingid":84},{"bookingid":1249},{"bookingid":1525},{"bookingid":19},{"bookingid":1469},{"bookingid":1241},{"bookingid":646},{"bookingid":524},{"bookingid":1407},{"bookingid":731},{"bookingid":754},{"bookingid":500},{"bookingid":767},{"bookingid":1506},{"bookingid":1019},{"bookingid":1074},{"bookingid":1017},{"bookingid":973},{"bookingid":768},{"bookingid":833},{"bookingid":900},{"bookingid":1056},{"bookingid":103},{"bookingid":250},{"bookingid":959},{"bookingid":692},{"bookingid":1370},{"bookingid":1267},{"bookingid":63},{"bookingid":1216},{"bookingid":914},{"bookingid":1303},{"bookingid":549},{"bookingid":995},{"bookingid":1219},{"bookingid":360},{"bookingid":87},{"bookingid":1380},{"bookingid":285},{"bookingid":1037},{"bookingid":640},{"bookingid":359},{"bookingid":41},{"bookingid":1352},{"bookingid":1312},{"bookingid":703},{"bookingid":481},{"bookingid":669},{"bookingid":1337},{"bookingid":762},{"bookingid":253},{"bookingid":1280},{"bookingid":281},{"bookingid":1264},{"bookingid":485},{"bookingid":1315},{"bookingid":1134},{"bookingid":1277},{"bookingid":887},{"bookingid":335},{"bookingid":944},{"bookingid":634},{"bookingid":744},{"bookingid":817},{"bookingid":1287},{"bookingid":1002},{"bookingid":191},{"bookingid":74},{"bookingid":1141},{"bookingid":1404},{"bookingid":1217},{"bookingid":1133},{"bookingid":364},{"bookingid":761},{"bookingid":502},{"bookingid":1340},{"bookingid":1517},{"bookingid":940},{"bookingid":1237},{"bookingid":1383},{"bookingid":461},{"bookingid":244},{"bookingid":1444},{"bookingid":727},{"bookingid":832},{"bookingid":308},{"bookingid":760},{"bookingid":484},{"bookingid":885},{"bookingid":182},{"bookingid":255},{"bookingid":663},{"bookingid":1479},{"bookingid":704},{"bookingid":1318},{"bookingid":1087},{"bookingid":1491},{"bookingid":898},{"bookingid":1283},{"bookingid":1360},{"bookingid":1131},{"bookingid":875},{"bookingid":835},{"bookingid":43},{"bookingid":600},{"bookingid":960},{"bookingid":991},{"bookingid":948},{"bookingid":1109},{"bookingid":1035},{"bookingid":123},{"bookingid":849},{"bookingid":273},{"bookingid":2},{"bookingid":525},{"bookingid":298},{"bookingid":92},{"bookingid":1366},{"bookingid":94},{"bookingid":90},{"bookingid":28},{"bookingid":1190},{"bookingid":470},{"bookingid":826},{"bookingid":73},{"bookingid":205},{"bookingid":644},{"bookingid":317},{"bookingid":800},{"bookingid":1480},{"bookingid":1238},{"bookingid":1489},{"bookingid":229},{"bookingid":1128},{"bookingid":24},{"bookingid":1569},{"bookingid":1094},{"bookingid":702},{"bookingid":194},{"bookingid":181},{"bookingid":780},{"bookingid":934},{"bookingid":932},{"bookingid":54},{"bookingid":1095},{"bookingid":420},{"bookingid":612},{"bookingid":68},{"bookingid":810},{"bookingid":77},{"bookingid":12},{"bookingid":864},{"bookingid":45},{"bookingid":131},{"bookingid":877},{"bookingid":156},{"bookingid":592},{"bookingid":473},{"bookingid":1014},{"bookingid":1186},{"bookingid":1081},{"bookingid":1348},{"bookingid":982},{"bookingid":1433},{"bookingid":129},{"bookingid":176},{"bookingid":394},{"bookingid":745},{"bookingid":1164},{"bookingid":994},{"bookingid":1228},{"bookingid":367},{"bookingid":843},{"bookingid":771},{"bookingid":36},{"bookingid":1189},{"bookingid":1355},{"bookingid":831},{"bookingid":876},{"bookingid":1161},{"bookingid":373},{"bookingid":1345},{"bookingid":1573},{"bookingid":668},{"bookingid":474},{"bookingid":1024},{"bookingid":1297},{"bookingid":192},{"bookingid":515},{"bookingid":443},{"bookingid":483},{"bookingid":128},{"bookingid":1188},{"bookingid":1578},{"bookingid":778},{"bookingid":1076},{"bookingid":676}]

22:24:59.979 skipping bootstrap configuration: could not find or read file: classpath:karate-config.js
22:24:59.996 request:
1 > GET https://restful-booker.herokuapp.com/booking/1
1 > Accept: application/json
1 > Accept-Encoding: gzip,deflate
1 > Connection: Keep-Alive
1 > Host: restful-booker.herokuapp.com
1 > User-Agent: Apache-HttpClient/4.5.11 (Java/1.8.0_333)

22:25:01.160 response time in milliseconds: 1162.17
1 < 200
1 < Connection: keep-alive
1 < Content-Length: 170
1 < Content-Type: application/json; charset=utf-8
1 < Date: Tue, 20 Jun 2023 16:55:01 GMT
1 < Etag: W/"aa-iiwVtajdMMfA1jRuj4pLt1ZgPQ4"
1 < Server: Cowboy
1 < Via: 1.1 vegur
1 < X-Powered-By: Express
{"firstname":"Susan","lastname":"Smith","totalprice":631,"depositpaid":true,"bookingdates":{"checkin":"2020-10-22","checkout":"2021-07-28"},"additionalneeds":"Breakfast"}

22:25:01.210 skipping bootstrap configuration: could not find or read file: classpath:karate-config.js
22:25:01.213 request:
1 > GET https://restful-booker.herokuapp.com/booking/1
1 > Accept: application/json
1 > Accept-Encoding: gzip,deflate
1 > Connection: Keep-Alive
1 > Host: restful-booker.herokuapp.com
1 > User-Agent: Apache-HttpClient/4.5.11 (Java/1.8.0_333)

22:25:02.426 response time in milliseconds: 1210.20
1 < 200
1 < Connection: keep-alive
1 < Content-Length: 170
1 < Content-Type: application/json; charset=utf-8
1 < Date: Tue, 20 Jun 2023 16:55:02 GMT
1 < Etag: W/"aa-iiwVtajdMMfA1jRuj4pLt1ZgPQ4"
1 < Server: Cowboy
1 < Via: 1.1 vegur
1 < X-Powered-By: Express
{"firstname":"Susan","lastname":"Smith","totalprice":631,"depositpaid":true,"bookingdates":{"checkin":"2020-10-22","checkout":"2021-07-28"},"additionalneeds":"Breakfast"}

22:25:02.529 skipping bootstrap configuration: could not find or read file: classpath:karate-config.js
22:25:02.544 request:
1 > POST https://restful-booker.herokuapp.com/auth
1 > Accept: application/json
1 > Accept-Encoding: gzip,deflate
1 > Connection: Keep-Alive
1 > Content-Length: 45
1 > Content-Type: application/json; charset=UTF-8
1 > Host: restful-booker.herokuapp.com
1 > User-Agent: Apache-HttpClient/4.5.11 (Java/1.8.0_333)
{"username":"admin","password":"password123"}

22:25:03.760 response time in milliseconds: 1213.76
1 < 200
1 < Connection: keep-alive
1 < Content-Length: 27
1 < Content-Type: application/json; charset=utf-8
1 < Date: Tue, 20 Jun 2023 16:55:03 GMT
1 < Etag: W/"1b-BOu4+X7SGdekyWgA/XqsA3lRcXI"
1 < Server: Cowboy
1 < Via: 1.1 vegur
1 < X-Powered-By: Express
{"token":"0ba80d624684a71"}

22:25:03.775 skipping bootstrap configuration: could not find or read file: classpath:karate-config.js
22:25:03.821 [print] {
  "firstname": "Jim",
  "lastname": "Brown",
  "totalprice": "111",
  "depositpaid": "true",
  "bookingdates": {
    "checkin": "2018-01-01",
    "checkout": "2019-01-01"
  },
  "additionalneeds": "Breakfast"
}

22:25:03.830 request:
1 > POST https://restful-booker.herokuapp.com/booking
1 > Accept: application/json
1 > Accept-Encoding: gzip,deflate
1 > Connection: Keep-Alive
1 > Content-Length: 172
1 > Content-Type: application/json; charset=UTF-8
1 > Host: restful-booker.herokuapp.com
1 > User-Agent: Apache-HttpClient/4.5.11 (Java/1.8.0_333)
{"firstname":"Jim","lastname":"Brown","totalprice":"111","depositpaid":"true","bookingdates":{"checkin":"2018-01-01","checkout":"2019-01-01"},"additionalneeds":"Breakfast"}

22:25:05.085 response time in milliseconds: 1254.01
1 < 200
1 < Connection: keep-alive
1 < Content-Length: 197
1 < Content-Type: application/json; charset=utf-8
1 < Date: Tue, 20 Jun 2023 16:55:05 GMT
1 < Etag: W/"c5-H+EMOpTBI8qa3PXKBezhLMPGZG4"
1 < Server: Cowboy
1 < Via: 1.1 vegur
1 < X-Powered-By: Express
{"bookingid":1641,"booking":{"firstname":"Jim","lastname":"Brown","totalprice":111,"depositpaid":true,"bookingdates":{"checkin":"2018-01-01","checkout":"2019-01-01"},"additionalneeds":"Breakfast"}}

22:25:05.086 [print] {
  "booking": {
    "firstname": "Jim",
    "additionalneeds": "Breakfast",
    "bookingdates": {
      "checkin": "2018-01-01",
      "checkout": "2019-01-01"
    },
    "totalprice": 111,
    "depositpaid": true,
    "lastname": "Brown"
  },
  "bookingid": 1641
}

22:25:05.156 request:
1 > PUT https://restful-booker.herokuapp.com/booking/1641
1 > Accept: application/json
1 > Accept-Encoding: gzip,deflate
1 > Authorization: Basic YWRtaW46cGFzc3dvcmQxMjM=
1 > Connection: Keep-Alive
1 > Content-Length: 174
1 > Content-Type: application/json; charset=UTF-8
1 > Host: restful-booker.herokuapp.com
1 > User-Agent: Apache-HttpClient/4.5.11 (Java/1.8.0_333)
{"firstname":"James","lastname":"Brown","totalprice":"111","depositpaid":"true","bookingdates":{"checkin":"2018-01-01","checkout":"2019-01-01"},"additionalneeds":"Breakfast"}

22:25:06.315 response time in milliseconds: 1158.84
1 < 200
1 < Connection: keep-alive
1 < Content-Length: 170
1 < Content-Type: application/json; charset=utf-8
1 < Date: Tue, 20 Jun 2023 16:55:06 GMT
1 < Etag: W/"aa-waBDObUc25azXZ1Gkrz0LIEDGrg"
1 < Server: Cowboy
1 < Via: 1.1 vegur
1 < X-Powered-By: Express
{"firstname":"James","lastname":"Brown","totalprice":111,"depositpaid":true,"bookingdates":{"checkin":"2018-01-01","checkout":"2019-01-01"},"additionalneeds":"Breakfast"}

22:25:06.356 [print] 1641
22:25:06.363 request:
1 > PATCH https://restful-booker.herokuapp.com/booking/1641
1 > Accept: application/json
1 > Accept-Encoding: gzip,deflate
1 > Authorization: Basic YWRtaW46cGFzc3dvcmQxMjM=
1 > Connection: Keep-Alive
1 > Content-Length: 41
1 > Content-Type: application/json; charset=UTF-8
1 > Host: restful-booker.herokuapp.com
1 > User-Agent: Apache-HttpClient/4.5.11 (Java/1.8.0_333)
{"firstname":"Graham","lastname":"Brown"}

22:25:07.649 response time in milliseconds: 1284.93
1 < 200
1 < Connection: keep-alive
1 < Content-Length: 171
1 < Content-Type: application/json; charset=utf-8
1 < Date: Tue, 20 Jun 2023 16:55:07 GMT
1 < Etag: W/"ab-lZ2J7gHFQTD74Fou0tZazvnuAw4"
1 < Server: Cowboy
1 < Via: 1.1 vegur
1 < X-Powered-By: Express
{"firstname":"Graham","lastname":"Brown","totalprice":111,"depositpaid":true,"bookingdates":{"checkin":"2018-01-01","checkout":"2019-01-01"},"additionalneeds":"Breakfast"}

22:25:07.650 [print] {
  "firstname": "Graham",
  "additionalneeds": "Breakfast",
  "bookingdates": {
    "checkin": "2018-01-01",
    "checkout": "2019-01-01"
  },
  "totalprice": 111,
  "depositpaid": true,
  "lastname": "Brown"
}

22:25:07.702 request:
1 > DELETE https://restful-booker.herokuapp.com/booking/1641
1 > Accept-Encoding: gzip,deflate
1 > Authorization: Basic YWRtaW46cGFzc3dvcmQxMjM=
1 > Connection: Keep-Alive
1 > Cookie: token=abc123
1 > Host: restful-booker.herokuapp.com
1 > User-Agent: Apache-HttpClient/4.5.11 (Java/1.8.0_333)

22:25:08.998 response time in milliseconds: 1288.29
1 < 201
1 < Connection: keep-alive
1 < Content-Length: 7
1 < Content-Type: text/plain; charset=utf-8
1 < Date: Tue, 20 Jun 2023 16:55:09 GMT
1 < Etag: W/"7-rM9AyJuqT6iOan/xHh+AW+7K/T8"
1 < Server: Cowboy
1 < Via: 1.1 vegur
1 < X-Powered-By: Express
Created

